<?xml version="1.0" encoding="UTF-8"?>
<!-- Generated by org.testng.reporters.JUnitXMLReporter -->
<testsuite hostname="LAPTOP-3FPUB26T" ignored="3" name="Test" tests="3" failures="0" timestamp="22 Apr 2023 00:53:18 GMT" time="14.4" errors="0">
  <testcase name="orangehrm" time="4.656" classname="com.grp.OrangeHrmTest"/>
  <testcase name="ihg" time="4.113" classname="com.grp.IhgTest"/>
  <testcase name="flipcart" time="5.608" classname="com.grp.FlipcartTest"/>
  <testcase name="walmart" time="0.0" classname="com.grp.walmartTest">
    <ignored/>
  </testcase> <!-- walmart -->
  <testcase name="facebook" time="0.0" classname="com.grp.FacebookTest">
    <ignored/>
  </testcase> <!-- facebook -->
  <testcase name="amazon" time="0.0" classname="com.grp.AmazonTest">
    <ignored/>
  </testcase> <!-- amazon -->
</testsuite> <!-- Test -->
