<?xml version="1.0" encoding="UTF-8"?>
<testng-results skipped="0" failed="0" ignored="3" total="6" passed="3">
  <reporter-output>
  </reporter-output>
  <suite name="Suite" duration-ms="14400" started-at="2023-04-22T00:53:04Z" finished-at="2023-04-22T00:53:18Z">
    <groups>
      <group name="regression">
        <method signature="IhgTest.ihg()[pri:0, instance:com.grp.IhgTest@4157f54e]" name="ihg" class="com.grp.IhgTest"/>
      </group> <!-- regression -->
      <group name="smoke">
        <method signature="OrangeHrmTest.orangehrm()[pri:0, instance:com.grp.OrangeHrmTest@327471b5]" name="orangehrm" class="com.grp.OrangeHrmTest"/>
      </group> <!-- smoke -->
      <group name="sanity">
        <method signature="FlipcartTest.flipcart()[pri:0, instance:com.grp.FlipcartTest@90f6bfd]" name="flipcart" class="com.grp.FlipcartTest"/>
        <method signature="IhgTest.ihg()[pri:0, instance:com.grp.IhgTest@4157f54e]" name="ihg" class="com.grp.IhgTest"/>
        <method signature="OrangeHrmTest.orangehrm()[pri:0, instance:com.grp.OrangeHrmTest@327471b5]" name="orangehrm" class="com.grp.OrangeHrmTest"/>
      </group> <!-- sanity -->
    </groups>
    <test name="Test" duration-ms="14400" started-at="2023-04-22T00:53:04Z" finished-at="2023-04-22T00:53:18Z">
      <class name="com.grp.FlipcartTest">
        <test-method status="PASS" signature="flipcart()[pri:0, instance:com.grp.FlipcartTest@90f6bfd]" name="flipcart" duration-ms="5608" started-at="2023-04-22T00:53:12Z" finished-at="2023-04-22T00:53:18Z">
          <reporter-output>
          </reporter-output>
        </test-method> <!-- flipcart -->
      </class> <!-- com.grp.FlipcartTest -->
      <class name="com.grp.OrangeHrmTest">
        <test-method status="PASS" signature="orangehrm()[pri:0, instance:com.grp.OrangeHrmTest@327471b5]" name="orangehrm" duration-ms="4656" started-at="2023-04-22T00:53:04Z" finished-at="2023-04-22T00:53:08Z">
          <reporter-output>
          </reporter-output>
        </test-method> <!-- orangehrm -->
      </class> <!-- com.grp.OrangeHrmTest -->
      <class name="com.grp.IhgTest">
        <test-method status="PASS" signature="ihg()[pri:0, instance:com.grp.IhgTest@4157f54e]" name="ihg" duration-ms="4113" started-at="2023-04-22T00:53:08Z" finished-at="2023-04-22T00:53:12Z">
          <reporter-output>
          </reporter-output>
        </test-method> <!-- ihg -->
      </class> <!-- com.grp.IhgTest -->
    </test> <!-- Test -->
  </suite> <!-- Suite -->
</testng-results>
