<?xml version="1.0" encoding="UTF-8"?>
<testng-results skipped="0" failed="0" ignored="0" total="1" passed="1">
  <reporter-output>
  </reporter-output>
  <suite name="Default suite" duration-ms="3728" started-at="2023-04-19T01:10:22Z" finished-at="2023-04-19T01:10:26Z">
    <groups>
    </groups>
    <test name="Default test" duration-ms="3728" started-at="2023-04-19T01:10:22Z" finished-at="2023-04-19T01:10:26Z">
      <class name="com.pkg.Facebook">
        <test-method status="PASS" signature="begin()[pri:0, instance:com.pkg.Facebook@39aeed2f]" name="begin" is-config="true" duration-ms="164" started-at="2023-04-18T18:10:22Z" finished-at="2023-04-18T18:10:22Z">
          <reporter-output>
          </reporter-output>
        </test-method> <!-- begin -->
        <test-method status="PASS" signature="fb()[pri:0, instance:com.pkg.Facebook@39aeed2f]" name="fb" duration-ms="3712" started-at="2023-04-18T18:10:22Z" finished-at="2023-04-18T18:10:26Z">
          <reporter-output>
          </reporter-output>
        </test-method> <!-- fb -->
        <test-method status="PASS" signature="end()[pri:0, instance:com.pkg.Facebook@39aeed2f]" name="end" is-config="true" duration-ms="197" started-at="2023-04-18T18:10:26Z" finished-at="2023-04-18T18:10:26Z">
          <reporter-output>
          </reporter-output>
        </test-method> <!-- end -->
      </class> <!-- com.pkg.Facebook -->
    </test> <!-- Default test -->
  </suite> <!-- Default suite -->
</testng-results>
